<?xml version="1.0" encoding="UTF-8"?>
<testsuite xmlns:xsi="http://www.w3.org/2001/XMLSchema-instance" xsi:noNamespaceSchemaLocation="https://maven.apache.org/surefire/maven-surefire-plugin/xsd/surefire-test-report-3.0.xsd" version="3.0" name="ntbd.tokenizer.TokenizerTest" time="0.057" tests="33" errors="0" skipped="0" failures="0">
  <properties>
    <property name="java.specification.version" value="20"/>
    <property name="sun.jnu.encoding" value="UTF-8"/>
    <property name="java.class.path" value="/Users/benjamingrifka/Documents/GitHub/ntbd/target/test-classes:/Users/benjamingrifka/Documents/GitHub/ntbd/target/classes:/Users/benjamingrifka/.m2/repository/junit/junit/4.12/junit-4.12.jar:/Users/benjamingrifka/.m2/repository/org/hamcrest/hamcrest-core/1.3/hamcrest-core-1.3.jar:"/>
    <property name="java.vm.vendor" value="Oracle Corporation"/>
    <property name="sun.arch.data.model" value="64"/>
    <property name="java.vendor.url" value="https://java.oracle.com/"/>
    <property name="os.name" value="Mac OS X"/>
    <property name="java.vm.specification.version" value="20"/>
    <property name="sun.java.launcher" value="SUN_STANDARD"/>
    <property name="user.country" value="US"/>
    <property name="sun.boot.library.path" value="/Library/Java/JavaVirtualMachines/jdk-20.jdk/Contents/Home/lib"/>
    <property name="sun.java.command" value="/Users/benjamingrifka/Documents/GitHub/ntbd/target/surefire/surefirebooter-20230401150625647_3.jar /Users/benjamingrifka/Documents/GitHub/ntbd/target/surefire 2023-04-01T15-06-25_595-jvmRun1 surefire-20230401150625647_1tmp surefire_0-20230401150625647_2tmp"/>
    <property name="http.nonProxyHosts" value="local|*.local|169.254/16|*.169.254/16"/>
    <property name="jdk.debug" value="release"/>
    <property name="surefire.test.class.path" value="/Users/benjamingrifka/Documents/GitHub/ntbd/target/test-classes:/Users/benjamingrifka/Documents/GitHub/ntbd/target/classes:/Users/benjamingrifka/.m2/repository/junit/junit/4.12/junit-4.12.jar:/Users/benjamingrifka/.m2/repository/org/hamcrest/hamcrest-core/1.3/hamcrest-core-1.3.jar:"/>
    <property name="sun.cpu.endian" value="little"/>
    <property name="user.home" value="/Users/benjamingrifka"/>
    <property name="user.language" value="en"/>
    <property name="java.specification.vendor" value="Oracle Corporation"/>
    <property name="java.version.date" value="2023-03-21"/>
    <property name="java.home" value="/Library/Java/JavaVirtualMachines/jdk-20.jdk/Contents/Home"/>
    <property name="file.separator" value="/"/>
    <property name="basedir" value="/Users/benjamingrifka/Documents/GitHub/ntbd"/>
    <property name="java.vm.compressedOopsMode" value="Zero based"/>
    <property name="line.separator" value="&#10;"/>
    <property name="java.vm.specification.vendor" value="Oracle Corporation"/>
    <property name="java.specification.name" value="Java Platform API Specification"/>
    <property name="apple.awt.application.name" value="ForkedBooter"/>
    <property name="surefire.real.class.path" value="/Users/benjamingrifka/Documents/GitHub/ntbd/target/surefire/surefirebooter-20230401150625647_3.jar"/>
    <property name="sun.management.compiler" value="HotSpot 64-Bit Tiered Compilers"/>
    <property name="ftp.nonProxyHosts" value="local|*.local|169.254/16|*.169.254/16"/>
    <property name="java.runtime.version" value="20+36-2344"/>
    <property name="user.name" value="benjamingrifka"/>
    <property name="stdout.encoding" value="UTF-8"/>
    <property name="path.separator" value=":"/>
    <property name="os.version" value="13.2.1"/>
    <property name="java.runtime.name" value="Java(TM) SE Runtime Environment"/>
    <property name="file.encoding" value="UTF-8"/>
    <property name="java.vm.name" value="Java HotSpot(TM) 64-Bit Server VM"/>
    <property name="localRepository" value="/Users/benjamingrifka/.m2/repository"/>
    <property name="java.vendor.url.bug" value="https://bugreport.java.com/bugreport/"/>
    <property name="java.io.tmpdir" value="/var/folders/0d/63b5m4rs3tz2lyzt4cl4cl880000gn/T/"/>
    <property name="java.version" value="20"/>
    <property name="user.dir" value="/Users/benjamingrifka/Documents/GitHub/ntbd"/>
    <property name="os.arch" value="aarch64"/>
    <property name="java.vm.specification.name" value="Java Virtual Machine Specification"/>
    <property name="native.encoding" value="UTF-8"/>
    <property name="java.library.path" value="/Users/benjamingrifka/Library/Java/Extensions:/Library/Java/Extensions:/Network/Library/Java/Extensions:/System/Library/Java/Extensions:/usr/lib/java:."/>
    <property name="java.vm.info" value="mixed mode, sharing"/>
    <property name="stderr.encoding" value="UTF-8"/>
    <property name="java.vendor" value="Oracle Corporation"/>
    <property name="java.vm.version" value="20+36-2344"/>
    <property name="sun.io.unicode.encoding" value="UnicodeBig"/>
    <property name="socksNonProxyHosts" value="local|*.local|169.254/16|*.169.254/16"/>
    <property name="java.class.version" value="64.0"/>
  </properties>
  <testcase name="testCannotTokenize" classname="ntbd.tokenizer.TokenizerTest" time="0.006"/>
  <testcase name="testRightSquareBracket" classname="ntbd.tokenizer.TokenizerTest" time="0.001"/>
  <testcase name="testLessThan" classname="ntbd.tokenizer.TokenizerTest" time="0"/>
  <testcase name="testDiv" classname="ntbd.tokenizer.TokenizerTest" time="0"/>
  <testcase name="testNot" classname="ntbd.tokenizer.TokenizerTest" time="0.003"/>
  <testcase name="testComma" classname="ntbd.tokenizer.TokenizerTest" time="0.001"/>
  <testcase name="testFalse" classname="ntbd.tokenizer.TokenizerTest" time="0"/>
  <testcase name="testMinus" classname="ntbd.tokenizer.TokenizerTest" time="0"/>
  <testcase name="testMult" classname="ntbd.tokenizer.TokenizerTest" time="0.001"/>
  <testcase name="testPlus" classname="ntbd.tokenizer.TokenizerTest" time="0"/>
  <testcase name="testTrue" classname="ntbd.tokenizer.TokenizerTest" time="0"/>
  <testcase name="testIs" classname="ntbd.tokenizer.TokenizerTest" time="0"/>
  <testcase name="testMultiCharVariable" classname="ntbd.tokenizer.TokenizerTest" time="0.001"/>
  <testcase name="testTokenizeRightParen" classname="ntbd.tokenizer.TokenizerTest" time="0.001"/>
  <testcase name="testIdAndNumber" classname="ntbd.tokenizer.TokenizerTest" time="0"/>
  <testcase name="testTokenizeEmptyInput" classname="ntbd.tokenizer.TokenizerTest" time="0"/>
  <testcase name="testSingleDigitNumber" classname="ntbd.tokenizer.TokenizerTest" time="0"/>
  <testcase name="testMultiDigitNumber" classname="ntbd.tokenizer.TokenizerTest" time="0"/>
  <testcase name="testVariableAndAtom" classname="ntbd.tokenizer.TokenizerTest" time="0"/>
  <testcase name="testSemiColon" classname="ntbd.tokenizer.TokenizerTest" time="0"/>
  <testcase name="testSingleCharAtom" classname="ntbd.tokenizer.TokenizerTest" time="0"/>
  <testcase name="testMoreThan" classname="ntbd.tokenizer.TokenizerTest" time="0"/>
  <testcase name="testColonEquals" classname="ntbd.tokenizer.TokenizerTest" time="0"/>
  <testcase name="testMultiCharAtom" classname="ntbd.tokenizer.TokenizerTest" time="0"/>
  <testcase name="testTokenizeOnlyWhitespace" classname="ntbd.tokenizer.TokenizerTest" time="0"/>
  <testcase name="testSingleCharVariable" classname="ntbd.tokenizer.TokenizerTest" time="0"/>
  <testcase name="testMathExpression" classname="ntbd.tokenizer.TokenizerTest" time="0.001"/>
  <testcase name="testVariableAssignmentExpression" classname="ntbd.tokenizer.TokenizerTest" time="0"/>
  <testcase name="testEquals" classname="ntbd.tokenizer.TokenizerTest" time="0"/>
  <testcase name="testTokenizeLeftParen" classname="ntbd.tokenizer.TokenizerTest" time="0"/>
  <testcase name="testPeriod" classname="ntbd.tokenizer.TokenizerTest" time="0"/>
  <testcase name="testLeftSquareBracket" classname="ntbd.tokenizer.TokenizerTest" time="0"/>
  <testcase name="testUnderscore" classname="ntbd.tokenizer.TokenizerTest" time="0"/>
</testsuite>